#
# There is insufficient memory for the Java Runtime Environment to continue.
# Native memory allocation (mmap) failed to map 65536 bytes for Failed to commit metaspace.
# Possible reasons:
#   The system is out of physical RAM or swap space
#   The process is running with CompressedOops enabled, and the Java Heap may be blocking the growth of the native heap
# Possible solutions:
#   Reduce memory load on the system
#   Increase physical memory or swap space
#   Check if swap backing store is full
#   Decrease Java heap size (-Xmx/-Xms)
#   Decrease number of Java threads
#   Decrease Java thread stack sizes (-Xss)
#   Set larger code cache with -XX:ReservedCodeCacheSize=
#   JVM is running with Unscaled Compressed Oops mode in which the Java heap is
#     placed in the first 4GB address space. The Java Heap base address is the
#     maximum limit for the native heap growth. Please use -XX:HeapBaseMinAddress
#     to set the Java Heap base and to place the Java Heap above 4GB virtual address.
# This output file may be truncated or incomplete.
#
#  Out of Memory Error (virtualSpaceNode.cpp:110), pid=22216, tid=26544
#
# JRE version: OpenJDK Runtime Environment Temurin-17.0.10+7 (17.0.10+7) (build 17.0.10+7)
# Java VM: OpenJDK 64-Bit Server VM Temurin-17.0.10+7 (17.0.10+7, mixed mode, tiered, compressed oops, compressed class ptrs, parallel gc, windows-amd64)
# No core dump will be written. Minidumps are not enabled by default on client versions of Windows
#

---------------  S U M M A R Y ------------

Command Line: --add-modules=ALL-SYSTEM --add-opens=java.base/java.util=ALL-UNNAMED --add-opens=java.base/java.lang=ALL-UNNAMED --add-opens=java.base/sun.nio.fs=ALL-UNNAMED -Declipse.application=org.eclipse.jdt.ls.core.id1 -Dosgi.bundles.defaultStartLevel=4 -Declipse.product=org.eclipse.jdt.ls.core.product -Djava.import.generatesMetadataFilesAtProjectRoot=false -DDetectVMInstallationsJob.disabled=true -Dfile.encoding=utf8 -XX:+UseParallelGC -XX:GCTimeRatio=4 -XX:AdaptiveSizePolicyWeight=90 -Dsun.zip.disableMemoryMapping=true -Xmx1G -Xms100m -Xlog:disable -javaagent:c:\Users\ejboy\.vscode\extensions\redhat.java-1.29.0-win32-x64\lombok\lombok-1.18.32.jar c:\Users\ejboy\.vscode\extensions\redhat.java-1.29.0-win32-x64\server\plugins\org.eclipse.equinox.launcher_1.6.800.v20240304-1850.jar -configuration c:\Users\ejboy\AppData\Roaming\Code\User\globalStorage\redhat.java\1.29.0\config_ss_win -data c:\Users\ejboy\AppData\Roaming\Code\User\workspaceStorage\1ed0c30d0bfb09b902304d5fafa002c6\redhat.java\ss_ws --stdio

Host: Intel(R) Core(TM) i7-10750H CPU @ 2.60GHz, 12 cores, 15G,  Windows 11 , 64 bit Build 22621 (10.0.22621.3374)
Time: Thu Apr  4 15:48:28 2024 Eastern Daylight Time elapsed time: 7.765877 seconds (0d 0h 0m 7s)

---------------  T H R E A D  ---------------

Current thread (0x0000023900b28b50):  JavaThread "Start Level: Equinox Container: de3f8fbe-e82e-4a2a-b6f8-b272bab40462" daemon [_thread_in_vm, id=26544, stack(0x000000cc2bf00000,0x000000cc2c000000)]

Stack: [0x000000cc2bf00000,0x000000cc2c000000]
Native frames: (J=compiled Java code, j=interpreted, Vv=VM code, C=native code)
V  [jvm.dll+0x67d2c9]
V  [jvm.dll+0x834afa]
V  [jvm.dll+0x8365be]
V  [jvm.dll+0x836c23]
V  [jvm.dll+0x2477ff]
V  [jvm.dll+0x8307bb]
V  [jvm.dll+0x621d16]
V  [jvm.dll+0x621d7a]
V  [jvm.dll+0x6245aa]
V  [jvm.dll+0x6226b6]
V  [jvm.dll+0x36eaa2]
V  [jvm.dll+0x1e34bb]
V  [jvm.dll+0x5427f7]
V  [jvm.dll+0x1f2647]
V  [jvm.dll+0x7adf9b]
V  [jvm.dll+0x7af36c]
V  [jvm.dll+0x7af6b8]
V  [jvm.dll+0x23face]
V  [jvm.dll+0x38442b]
C  0x000002396f3cf41f

The last pc belongs to ldc_w (printed below).
Java frames: (J=compiled Java code, j=interpreted, Vv=VM code)
j  sun.util.locale.provider.LocaleServiceProviderPool.<clinit>()V+17 java.base@17.0.10
v  ~StubRoutines::call_stub
j  sun.util.locale.provider.CalendarDataUtility.retrieveFirstDayOfWeek(Ljava/util/Locale;)I+258 java.base@17.0.10
j  java.util.Calendar.setWeekCountData(Ljava/util/Locale;)V+24 java.base@17.0.10
j  java.util.Calendar.<init>(Ljava/util/TimeZone;Ljava/util/Locale;)V+55 java.base@17.0.10
j  java.util.GregorianCalendar.<init>(Ljava/util/TimeZone;Ljava/util/Locale;Z)V+3 java.base@17.0.10
j  java.util.Calendar$Builder.build()Ljava/util/Calendar;+249 java.base@17.0.10
j  sun.util.locale.provider.CalendarProviderImpl.getInstance(Ljava/util/TimeZone;Ljava/util/Locale;)Ljava/util/Calendar;+21 java.base@17.0.10
j  java.util.Calendar.createCalendar(Ljava/util/TimeZone;Ljava/util/Locale;)Ljava/util/Calendar;+18 java.base@17.0.10
j  java.util.Calendar.getInstance(Ljava/util/Locale;)Ljava/util/Calendar;+5 java.base@17.0.10
j  java.text.SimpleDateFormat.initializeCalendar(Ljava/util/Locale;)V+27 java.base@17.0.10
j  java.text.SimpleDateFormat.<init>(Ljava/lang/String;Ljava/util/Locale;)V+43 java.base@17.0.10
j  sun.util.locale.provider.DateFormatProviderImpl.getInstance(IILjava/util/Locale;)Ljava/text/DateFormat;+26 java.base@17.0.10
j  sun.util.locale.provider.DateFormatProviderImpl.getDateTimeInstance(IILjava/util/Locale;)Ljava/text/DateFormat;+4 java.base@17.0.10
j  java.text.DateFormat.get(Lsun/util/locale/provider/LocaleProviderAdapter;IILjava/util/Locale;)Ljava/text/DateFormat;+45 java.base@17.0.10
j  java.text.DateFormat.get(IIILjava/util/Locale;)Ljava/text/DateFormat;+101 java.base@17.0.10
j  java.text.DateFormat.getDateTimeInstance(II)Ljava/text/DateFormat;+9 java.base@17.0.10
j  org.eclipse.jdt.ls.core.internal.handlers.LogHandler.install()V+3
j  org.eclipse.jdt.ls.core.internal.JavaLanguageServerPlugin.start(Lorg/osgi/framework/BundleContext;)V+32
j  org.eclipse.osgi.internal.framework.BundleContextImpl$2.run()Ljava/lang/Void;+23
j  org.eclipse.osgi.internal.framework.BundleContextImpl$2.run()Ljava/lang/Object;+1
J 899 c1 java.security.AccessController.executePrivileged(Ljava/security/PrivilegedExceptionAction;Ljava/security/AccessControlContext;Ljava/lang/Class;)Ljava/lang/Object; java.base@17.0.10 (65 bytes) @ 0x0000023968010e34 [0x0000023968010ce0+0x0000000000000154]
j  java.security.AccessController.doPrivileged(Ljava/security/PrivilegedExceptionAction;)Ljava/lang/Object;+9 java.base@17.0.10
j  org.eclipse.osgi.internal.framework.BundleContextImpl.startActivator(Lorg/osgi/framework/BundleActivator;)V+9
j  org.eclipse.osgi.internal.framework.BundleContextImpl.start()V+134
j  org.eclipse.osgi.internal.framework.EquinoxBundle.startWorker0()V+35
j  org.eclipse.osgi.internal.framework.EquinoxBundle$EquinoxModule.startWorker()V+4
j  org.eclipse.osgi.container.Module.doStart([Lorg/eclipse/osgi/container/Module$StartOptions;)Lorg/eclipse/osgi/container/ModuleContainerAdaptor$ModuleEvent;+190
j  org.eclipse.osgi.container.Module.start([Lorg/eclipse/osgi/container/Module$StartOptions;)V+460
j  org.eclipse.osgi.container.ModuleContainer$ContainerStartLevel$2.run()V+71
j  org.eclipse.osgi.internal.framework.EquinoxContainerAdaptor$1$1.execute(Ljava/lang/Runnable;)V+1
j  org.eclipse.osgi.container.ModuleContainer$ContainerStartLevel.incStartLevel(ILjava/util/List;Z)V+193
j  org.eclipse.osgi.container.ModuleContainer$ContainerStartLevel.incStartLevel(ILjava/util/List;Ljava/util/List;Ljava/util/List;Ljava/util/List;)V+19
j  org.eclipse.osgi.container.ModuleContainer$ContainerStartLevel.doContainerStartLevel(Lorg/eclipse/osgi/container/Module;I[Lorg/osgi/framework/FrameworkListener;)V+349
j  org.eclipse.osgi.container.ModuleContainer$ContainerStartLevel.dispatchEvent(Lorg/eclipse/osgi/container/Module;[Lorg/osgi/framework/FrameworkListener;ILjava/lang/Integer;)V+32
j  org.eclipse.osgi.container.ModuleContainer$ContainerStartLevel.dispatchEvent(Ljava/lang/Object;Ljava/lang/Object;ILjava/lang/Object;)V+15
j  org.eclipse.osgi.framework.eventmgr.EventManager.dispatchEvent(Ljava/util/Set;Lorg/eclipse/osgi/framework/eventmgr/EventDispatcher;ILjava/lang/Object;)V+48
j  org.eclipse.osgi.framework.eventmgr.EventManager$EventThread.run()V+26
v  ~StubRoutines::call_stub
ldc_w  19 ldc_w  [0x000002396f3cf360, 0x000002396f3cf640]  736 bytes
[MachCode]
  0x000002396f3cf360: 4883 ec08 | c5fa 1104 | 24eb 1f48 | 83ec 10c5 | fb11 0424 | eb14 4883 | ec10 4889 | 0424 48c7 
  0x000002396f3cf380: 4424 0800 | 0000 00eb | 0150 410f | b75d 010f | cbc1 eb10 | 488b 4de8 | 488b 4908 | 488b 4908 
  0x000002396f3cf3a0: 488b 4108 | 0fb6 5418 | 0483 fa64 | 740e 83fa | 6774 0983 | fa07 0f85 | bf00 0000 | ba01 0000 
  0x000002396f3cf3c0: 00e8 0500 | 0000 e9aa | 0000 0048 | 8d44 2408 | 4c89 6dc0 | 498b cfc5 | f877 4989 | afa8 0200 
  0x000002396f3cf3e0: 0049 8987 | 9802 0000 | 4883 ec20 | f7c4 0f00 | 0000 0f84 | 1a00 0000 | 4883 ec08 | 49ba 2043 
  0x000002396f3cf400: 344a fd7f | 0000 41ff | d248 83c4 | 08e9 0d00 | 0000 49ba | 2043 344a | fd7f 0000 | 41ff d248 
  0x000002396f3cf420: 83c4 2049 | c787 9802 | 0000 0000 | 0000 49c7 | 87a8 0200 | 0000 0000 | 0049 c787 | a002 0000 
  0x000002396f3cf440: 0000 0000 | c5f8 7749 | 817f 0800 | 0000 000f | 8405 0000 | 00e9 a61a | ffff 498b | 87f0 0200 
  0x000002396f3cf460: 0049 c787 | f002 0000 | 0000 0000 | 4c8b 6dc0 | 4c8b 75c8 | c350 e997 | 0100 0083 | fa04 7514 
  0x000002396f3cf480: c5fa 1044 | d948 4883 | ec08 c5fa | 1104 24e9 | 7e01 0000 | 83fa 0375 | 0a8b 44d9 | 4850 e96f 
  0x000002396f3cf4a0: 0100 00ba | 1300 0000 | e805 0000 | 00e9 aa00 | 0000 488d | 4424 084c | 896d c049 | 8bcf c5f8 
  0x000002396f3cf4c0: 7749 89af | a802 0000 | 4989 8798 | 0200 0048 | 83ec 20f7 | c40f 0000 | 000f 841a | 0000 0048 
  0x000002396f3cf4e0: 83ec 0849 | ba00 6834 | 4afd 7f00 | 0041 ffd2 | 4883 c408 | e90d 0000 | 0049 ba00 | 6834 4afd 
  0x000002396f3cf500: 7f00 0041 | ffd2 4883 | c420 49c7 | 8798 0200 | 0000 0000 | 0049 c787 | a802 0000 | 0000 0000 
  0x000002396f3cf520: 49c7 87a0 | 0200 0000 | 0000 00c5 | f877 4981 | 7f08 0000 | 0000 0f84 | 0500 0000 | e9bf 19ff 
  0x000002396f3cf540: ff49 8b87 | f002 0000 | 49c7 87f0 | 0200 0000 | 0000 004c | 8b6d c04c | 8b75 c8c3 | 498b 8ff8 
  0x000002396f3cf560: 0200 0049 | c787 f802 | 0000 0000 | 0000 8bd9 | 81e3 ffff | 0000 c1e9 | 1c83 e10f | 83f9 040f 
  0x000002396f3cf580: 8509 0000 | 008b 0418 | 50e9 8400 | 0000 83f9 | 060f 8513 | 0000 00c5 | fa10 0418 | 4883 ec08 
  0x000002396f3cf5a0: c5fa 1104 | 24e9 6800 | 0000 83f9 | 030f 850a | 0000 000f | bf04 1850 | e955 0000 | 0083 f900 
  0x000002396f3cf5c0: 0f85 0a00 | 0000 0fbe | 0418 50e9 | 4200 0000 | 83f9 020f | 850a 0000 | 000f b704 | 1850 e92f 
  0x000002396f3cf5e0: 0000 0083 | f901 0f85 | 0a00 0000 | 0fbe 0418 | 50e9 1c00 | 0000 48b9 | d068 984a | fd7f 0000 
  0x000002396f3cf600: 4883 e4f0 | 49ba 602d | 574a fd7f | 0000 41ff | d2f4 410f | b65d 0349 | 83c5 0349 | ba90 a9b6 
  0x000002396f3cf620: 4afd 7f00 | 0041 ff24 | da0f 1f80 | 0000 0000 | 0000 0000 | 0000 0000 | 0000 0000 | 0000 0000 
[/MachCode]

Compiled method (c1)    7860  899       3       java.security.AccessController::executePrivileged (65 bytes)
 total in heap  [0x0000023968010b10,0x00000239680110f8] = 1512
 relocation     [0x0000023968010c68,0x0000023968010cc8] = 96
 main code      [0x0000023968010ce0,0x0000023968010f80] = 672
 stub code      [0x0000023968010f80,0x0000023968010fd8] = 88
 metadata       [0x0000023968010fd8,0x0000023968010fe8] = 16
 scopes data    [0x0000023968010fe8,0x0000023968011060] = 120
 scopes pcs     [0x0000023968011060,0x00000239680110e0] = 128
 dependencies   [0x00000239680110e0,0x00000239680110e8] = 8
 nul chk table  [0x00000239680110e8,0x00000239680110f8] = 16

[Constant Pool (empty)]

[MachCode]
[Verified Entry Point]
  # {method} {0x000002397a030fe8} 'executePrivileged' '(Ljava/security/PrivilegedExceptionAction;Ljava/security/AccessControlContext;Ljava/lang/Class;)Ljava/lang/Object;' in 'java/security/AccessController'
  # parm0:    rdx:rdx   = 'java/security/PrivilegedExceptionAction'
  # parm1:    r8:r8     = 'java/security/AccessControlContext'
  # parm2:    r9:r9     = 'java/lang/Class'
  #           [sp+0x50]  (sp of caller)
  0x0000023968010ce0: 8984 2400 | 90ff ff55 | 4883 ec40 | 4c89 4424 

  0x0000023968010cf0: ;   {metadata(method data for {method} {0x000002397a030fe8} 'executePrivileged' '(Ljava/security/PrivilegedExceptionAction;Ljava/security/AccessControlContext;Ljava/lang/Class;)Ljava/lang/Object;' in 'java/security/AccessController')}
  0x0000023968010cf0: 3048 be68 | 189b 7a39 | 0200 008b | becc 0000 | 0083 c702 | 89be cc00 | 0000 81e7 | fe07 0000 
  0x0000023968010d10: 83ff 000f | 84b7 0100 | 0049 83f8 

  0x0000023968010d1c: ;   {metadata(method data for {method} {0x000002397a030fe8} 'executePrivileged' '(Ljava/security/PrivilegedExceptionAction;Ljava/security/AccessControlContext;Ljava/lang/Class;)Ljava/lang/Object;' in 'java/security/AccessController')}
  0x0000023968010d1c: 0048 be68 | 189b 7a39 | 0200 0048 | bf10 0100 | 0000 0000 | 000f 840a | 0000 0048 | bf20 0100 
  0x0000023968010d3c: 0000 0000 | 0048 8b1c | 3e48 8d5b | 0148 891c | 3e4c 894c | 2428 4889 | 5424 200f | 841f 0000 
  0x0000023968010d5c: ;   {metadata(method data for {method} {0x000002397a030fe8} 'executePrivileged' '(Ljava/security/PrivilegedExceptionAction;Ljava/security/AccessControlContext;Ljava/lang/Class;)Ljava/lang/Object;' in 'java/security/AccessController')}
  0x0000023968010d5c: 0048 be68 | 189b 7a39 | 0200 0048 | 8386 3001 | 0000 0149 | 8bd0 0f1f 

  0x0000023968010d74: ;   {static_call}
  0x0000023968010d74: 4400 00e8 

  0x0000023968010d78: ; ImmutableOopMap {[32]=Oop [40]=Oop [48]=Oop }
                      ;*invokestatic ensureMaterializedForStackWalk {reexecute=0 rethrow=0 return_oop=0}
                      ; - java.security.AccessController::executePrivileged@5
  0x0000023968010d78: bc32 9d07 

  0x0000023968010d7c: ;   {metadata(method data for {method} {0x000002397a030fe8} 'executePrivileged' '(Ljava/security/PrivilegedExceptionAction;Ljava/security/AccessControlContext;Ljava/lang/Class;)Ljava/lang/Object;' in 'java/security/AccessController')}
  0x0000023968010d7c: 48ba 6818 | 9b7a 3902 | 0000 ff82 | 4001 0000 | 488b 5424 | 2048 3b02 

  0x0000023968010d94: ;   {metadata(method data for {method} {0x000002397a030fe8} 'executePrivileged' '(Ljava/security/PrivilegedExceptionAction;Ljava/security/AccessControlContext;Ljava/lang/Class;)Ljava/lang/Object;' in 'java/security/AccessController')}
  0x0000023968010d94: 488b f248 | bf68 189b | 7a39 0200 | 008b 7608 | 48c1 e603 | 483b b7b0 | 0100 0075 | 0d48 8387 
  0x0000023968010db4: b801 0000 | 01e9 6600 | 0000 483b | b7c0 0100 | 0075 0d48 | 8387 c801 | 0000 01e9 | 5000 0000 
  0x0000023968010dd4: 4881 bfb0 | 0100 0000 | 0000 0075 | 1748 89b7 | b001 0000 | 48c7 87b8 | 0100 0001 | 0000 00e9 
  0x0000023968010df4: 2c00 0000 | 4881 bfc0 | 0100 0000 | 0000 0075 | 1748 89b7 | c001 0000 | 48c7 87c8 | 0100 0001 
  0x0000023968010e14: 0000 00e9 | 0800 0000 | 4883 87a0 | 0100 0001 | 9048 b8c0 | 4f8b 0039 

  0x0000023968010e2c: ;   {virtual_call}
  0x0000023968010e2c: 0200 00e8 

  0x0000023968010e30: ; ImmutableOopMap {[40]=Oop [48]=Oop }
                      ;*invokeinterface run {reexecute=0 rethrow=0 return_oop=0}
                      ; - java.security.AccessController::executePrivileged@29
  0x0000023968010e30: 54f7 4a07 

  0x0000023968010e34: ;   {metadata(method data for {method} {0x000002397a030fe8} 'executePrivileged' '(Ljava/security/PrivilegedExceptionAction;Ljava/security/AccessControlContext;Ljava/lang/Class;)Ljava/lang/Object;' in 'java/security/AccessController')}
  0x0000023968010e34: 48be 6818 | 9b7a 3902 | 0000 ff86 | d801 0000 | 4c8b 4c24 

  0x0000023968010e48: ;   {metadata(method data for {method} {0x000002397a030fe8} 'executePrivileged' '(Ljava/security/PrivilegedExceptionAction;Ljava/security/AccessControlContext;Ljava/lang/Class;)Ljava/lang/Object;' in 'java/security/AccessController')}
  0x0000023968010e48: 2848 be68 | 189b 7a39 | 0200 0048 | 8386 3802 

  0x0000023968010e58: ;   {metadata(method data for {method} {0x000002397a035da8} 'reachabilityFence' '(Ljava/lang/Object;)V' in 'java/lang/ref/Reference')}
  0x0000023968010e58: 0000 0148 | bec8 555e | 7a39 0200 | 008b becc | 0000 0083 | c702 89be | cc00 0000 | 81e7 feff 
  0x0000023968010e78: 1f00 83ff | 000f 8473 

  0x0000023968010e80: ;   {metadata(method data for {method} {0x000002397a030fe8} 'executePrivileged' '(Ljava/security/PrivilegedExceptionAction;Ljava/security/AccessControlContext;Ljava/lang/Class;)Ljava/lang/Object;' in 'java/security/AccessController')}
  0x0000023968010e80: 0000 0048 | be68 189b | 7a39 0200 | 0048 8386 | 4802 0000 

  0x0000023968010e94: ;   {metadata(method data for {method} {0x000002397a035da8} 'reachabilityFence' '(Ljava/lang/Object;)V' in 'java/lang/ref/Reference')}
  0x0000023968010e94: 0148 bec8 | 555e 7a39 | 0200 008b | becc 0000 | 0083 c702 | 89be cc00 | 0000 81e7 | feff 1f00 
  0x0000023968010eb4: 83ff 000f | 845a 0000 | 0048 83c4 

  0x0000023968010ec0: ;   {poll_return}
  0x0000023968010ec0: 405d 493b | a750 0300 | 000f 8766 | 0000 00c3 

  0x0000023968010ed0: ;   {metadata({method} {0x000002397a030fe8} 'executePrivileged' '(Ljava/security/PrivilegedExceptionAction;Ljava/security/AccessControlContext;Ljava/lang/Class;)Ljava/lang/Object;' in 'java/security/AccessController')}
  0x0000023968010ed0: 49ba e00f | 037a 3902 | 0000 4c89 | 5424 0848 | c704 24ff 

  0x0000023968010ee4: ;   {runtime_call counter_overflow Runtime1 stub}
  0x0000023968010ee4: ffff ffe8 

  0x0000023968010ee8: ; ImmutableOopMap {rdx=Oop r8=Oop [48]=Oop r9=Oop }
                      ;*synchronization entry
                      ; - java.security.AccessController::executePrivileged@-1
  0x0000023968010ee8: 946a 4a07 | e928 feff 

  0x0000023968010ef0: ;   {runtime_call throw_null_pointer_exception Runtime1 stub}
  0x0000023968010ef0: ffe8 aa19 

  0x0000023968010ef4: ; ImmutableOopMap {[40]=Oop rdx=Oop [48]=Oop }
                      ;*invokeinterface run {reexecute=0 rethrow=0 return_oop=0}
                      ; - java.security.AccessController::executePrivileged@29
                      ;   {metadata({method} {0x000002397a035da8} 'reachabilityFence' '(Ljava/lang/Object;)V' in 'java/lang/ref/Reference')}
  0x0000023968010ef4: 4a07 49ba | a05d 037a | 3902 0000 | 4c89 5424 | 0848 c704 | 24ff ffff 

  0x0000023968010f0c: ;   {runtime_call counter_overflow Runtime1 stub}
  0x0000023968010f0c: ffe8 6e6a 

  0x0000023968010f10: ; ImmutableOopMap {rax=Oop r9=Oop }
                      ;*synchronization entry
                      ; - java.lang.ref.Reference::reachabilityFence@-1
                      ; - java.security.AccessController::executePrivileged@56
  0x0000023968010f10: 4a07 e96c 

  0x0000023968010f14: ;   {metadata({method} {0x000002397a035da8} 'reachabilityFence' '(Ljava/lang/Object;)V' in 'java/lang/ref/Reference')}
  0x0000023968010f14: ffff ff49 | baa0 5d03 | 7a39 0200 | 004c 8954 | 2408 48c7 | 0424 ffff 

  0x0000023968010f2c: ;   {runtime_call counter_overflow Runtime1 stub}
  0x0000023968010f2c: ffff e84d 

  0x0000023968010f30: ; ImmutableOopMap {rax=Oop }
                      ;*synchronization entry
                      ; - java.lang.ref.Reference::reachabilityFence@-1
                      ; - java.security.AccessController::executePrivileged@60
  0x0000023968010f30: 6a4a 07eb 

  0x0000023968010f34: ;   {internal_word}
  0x0000023968010f34: 8849 bac2 | 0e01 6839 | 0200 004d | 8997 6803 

  0x0000023968010f44: ;   {runtime_call SafepointBlob}
  0x0000023968010f44: 0000 e9b5 | 6740 0790 | 9049 8b87 | e003 0000 | 49c7 87e0 | 0300 0000 | 0000 0049 | c787 e803 
  0x0000023968010f64: 0000 0000 | 0000 4883 

  0x0000023968010f6c: ;   {runtime_call unwind_exception Runtime1 stub}
  0x0000023968010f6c: c440 5de9 | 8c39 4107 | f4f4 f4f4 | f4f4 f4f4 | f4f4 f4f4 
[Stub Code]
  0x0000023968010f80: ;   {no_reloc}
  0x0000023968010f80: 0f1f 4400 

  0x0000023968010f84: ;   {static_stub}
  0x0000023968010f84: 0048 bb58 | 0d03 7a39 

  0x0000023968010f8c: ;   {runtime_call I2C/C2I adapters}
  0x0000023968010f8c: 0200 00e9 | bc4a 4007 

  0x0000023968010f94: ;   {static_stub}
  0x0000023968010f94: 9048 bb00 | 0000 0000 

  0x0000023968010f9c: ;   {runtime_call}
  0x0000023968010f9c: 0000 00e9 | fbff ffff 
[Exception Handler]
  0x0000023968010fa4: ;   {runtime_call handle_exception_from_callee Runtime1 stub}
  0x0000023968010fa4: e8d7 364a 

  0x0000023968010fa8: ;   {external_word}
  0x0000023968010fa8: 0748 b940 | 9a8e 4afd | 7f00 0048 

  0x0000023968010fb4: ;   {runtime_call}
  0x0000023968010fb4: 83e4 f049 | ba60 2d57 | 4afd 7f00 | 0041 ffd2 

  0x0000023968010fc4: ;   {section_word}
  0x0000023968010fc4: f449 bac5 | 0f01 6839 | 0200 0041 

  0x0000023968010fd0: ;   {runtime_call DeoptimizationBlob}
  0x0000023968010fd0: 52e9 ca59 | 4007 f4f4 
[/MachCode]


---------------  P R O C E S S  ---------------

Threads class SMR info:
_java_thread_list=0x00000239012bb620, length=22, elements={
0x0000023963a00a40, 0x00000239797d4010, 0x0000023963aa9ef0, 0x00000239797db2b0,
0x00000239797dc040, 0x00000239797dcec0, 0x00000239797deaf0, 0x000002397e92b8e0,
0x000002397e9465c0, 0x000002397e972fc0, 0x000002397ea41f20, 0x00000239001bc940,
0x0000023900a72fc0, 0x0000023900629940, 0x0000023900b28b50, 0x0000023900ae0010,
0x0000023900aab740, 0x0000023900dd64a0, 0x0000023900dd3c20, 0x0000023900dd3710,
0x0000023900428030, 0x0000023900dd2cf0
}

Java Threads: ( => current thread )
  0x0000023963a00a40 JavaThread "main" [_thread_blocked, id=16696, stack(0x000000cc2a700000,0x000000cc2a800000)]
  0x00000239797d4010 JavaThread "Reference Handler" daemon [_thread_blocked, id=7756, stack(0x000000cc2aa00000,0x000000cc2ab00000)]
  0x0000023963aa9ef0 JavaThread "Finalizer" daemon [_thread_blocked, id=6548, stack(0x000000cc2ab00000,0x000000cc2ac00000)]
  0x00000239797db2b0 JavaThread "Signal Dispatcher" daemon [_thread_blocked, id=18476, stack(0x000000cc2ac00000,0x000000cc2ad00000)]
  0x00000239797dc040 JavaThread "Attach Listener" daemon [_thread_blocked, id=12812, stack(0x000000cc2ad00000,0x000000cc2ae00000)]
  0x00000239797dcec0 JavaThread "Service Thread" daemon [_thread_blocked, id=18060, stack(0x000000cc2ae00000,0x000000cc2af00000)]
  0x00000239797deaf0 JavaThread "Monitor Deflation Thread" daemon [_thread_blocked, id=5056, stack(0x000000cc2af00000,0x000000cc2b000000)]
  0x000002397e92b8e0 JavaThread "C2 CompilerThread0" daemon [_thread_blocked, id=10896, stack(0x000000cc2b000000,0x000000cc2b100000)]
  0x000002397e9465c0 JavaThread "C1 CompilerThread0" daemon [_thread_blocked, id=21868, stack(0x000000cc2b100000,0x000000cc2b200000)]
  0x000002397e972fc0 JavaThread "Sweeper thread" daemon [_thread_blocked, id=9152, stack(0x000000cc2b200000,0x000000cc2b300000)]
  0x000002397ea41f20 JavaThread "Common-Cleaner" daemon [_thread_blocked, id=5592, stack(0x000000cc2b300000,0x000000cc2b400000)]
  0x00000239001bc940 JavaThread "Notification Thread" daemon [_thread_blocked, id=24220, stack(0x000000cc2b400000,0x000000cc2b500000)]
  0x0000023900a72fc0 JavaThread "Active Thread: Equinox Container: de3f8fbe-e82e-4a2a-b6f8-b272bab40462" [_thread_blocked, id=7376, stack(0x000000cc2bd00000,0x000000cc2be00000)]
  0x0000023900629940 JavaThread "Framework Event Dispatcher: Equinox Container: de3f8fbe-e82e-4a2a-b6f8-b272bab40462" daemon [_thread_blocked, id=13924, stack(0x000000cc2be00000,0x000000cc2bf00000)]
=>0x0000023900b28b50 JavaThread "Start Level: Equinox Container: de3f8fbe-e82e-4a2a-b6f8-b272bab40462" daemon [_thread_in_vm, id=26544, stack(0x000000cc2bf00000,0x000000cc2c000000)]
  0x0000023900ae0010 JavaThread "SCR Component Actor" daemon [_thread_blocked, id=9676, stack(0x000000cc2c000000,0x000000cc2c100000)]
  0x0000023900aab740 JavaThread "SCR Component Registry" daemon [_thread_blocked, id=12528, stack(0x000000cc2c100000,0x000000cc2c200000)]
  0x0000023900dd64a0 JavaThread "Worker-JM" [_thread_blocked, id=18796, stack(0x000000cc2c200000,0x000000cc2c300000)]
  0x0000023900dd3c20 JavaThread "Worker-0" [_thread_blocked, id=4860, stack(0x000000cc2c500000,0x000000cc2c600000)]
  0x0000023900dd3710 JavaThread "Worker-1" [_thread_blocked, id=21348, stack(0x000000cc2c600000,0x000000cc2c700000)]
  0x0000023900428030 JavaThread "C2 CompilerThread1" daemon [_thread_blocked, id=9400, stack(0x000000cc2c700000,0x000000cc2c800000)]
  0x0000023900dd2cf0 JavaThread "Java indexing" daemon [_thread_blocked, id=4332, stack(0x000000cc2c800000,0x000000cc2c900000)]

Other Threads:
  0x000002397e904870 VMThread "VM Thread" [stack: 0x000000cc2a900000,0x000000cc2aa00000] [id=18768]
  0x000002397ebc6e80 WatcherThread [stack: 0x000000cc2b500000,0x000000cc2b600000] [id=8916]
  0x0000023963a166e0 GCTaskThread "GC Thread#0" [stack: 0x000000cc2a800000,0x000000cc2a900000] [id=18348]
  0x00000239006483a0 GCTaskThread "GC Thread#1" [stack: 0x000000cc2b700000,0x000000cc2b800000] [id=18568]
  0x00000239007b0710 GCTaskThread "GC Thread#2" [stack: 0x000000cc2b800000,0x000000cc2b900000] [id=25620]
  0x00000239007b09d0 GCTaskThread "GC Thread#3" [stack: 0x000000cc2b900000,0x000000cc2ba00000] [id=22068]
  0x00000239007b0c90 GCTaskThread "GC Thread#4" [stack: 0x000000cc2ba00000,0x000000cc2bb00000] [id=21620]
  0x00000239008b8cb0 GCTaskThread "GC Thread#5" [stack: 0x000000cc2bb00000,0x000000cc2bc00000] [id=2848]
  0x00000239008b8f70 GCTaskThread "GC Thread#6" [stack: 0x000000cc2bc00000,0x000000cc2bd00000] [id=4288]
  0x0000023900b6d5f0 GCTaskThread "GC Thread#7" [stack: 0x000000cc2b600000,0x000000cc2b700000] [id=26048]
  0x0000023900c85060 GCTaskThread "GC Thread#8" [stack: 0x000000cc2c300000,0x000000cc2c400000] [id=25244]
  0x0000023900c85320 GCTaskThread "GC Thread#9" [stack: 0x000000cc2c400000,0x000000cc2c500000] [id=3196]

Threads with active compile tasks:

VM state: not at safepoint (normal execution)

VM Mutex/Monitor currently owned by a thread:  ([mutex/lock_event])
[0x00000239639fbbe0] Metaspace_lock - owner thread: 0x0000023900b28b50

Heap address: 0x00000000c0000000, size: 1024 MB, Compressed Oops mode: 32-bit

CDS archive(s) not mapped
Compressed class space mapped at: 0x0000000100000000-0x0000000140000000, reserved size: 1073741824
Narrow klass base: 0x0000000000000000, Narrow klass shift: 3, Narrow klass range: 0x140000000

GC Precious Log:
 CPUs: 12 total, 12 available
 Memory: 16204M
 Large Page Support: Disabled
 NUMA Support: Disabled
 Compressed Oops: Enabled (32-bit)
 Alignments: Space 512K, Generation 512K, Heap 2M
 Heap Min Capacity: 100M
 Heap Initial Capacity: 100M
 Heap Max Capacity: 1G
 Pre-touch: Disabled
 Parallel Workers: 10

Heap:
 PSYoungGen      total 27136K, used 16548K [0x00000000eab00000, 0x00000000ec900000, 0x0000000100000000)
  eden space 24576K, 57% used [0x00000000eab00000,0x00000000eb8b0998,0x00000000ec300000)
  from space 2560K, 98% used [0x00000000ec600000,0x00000000ec878a38,0x00000000ec880000)
  to   space 3072K, 0% used [0x00000000ec300000,0x00000000ec300000,0x00000000ec600000)
 ParOldGen       total 68608K, used 6968K [0x00000000c0000000, 0x00000000c4300000, 0x00000000eab00000)
  object space 68608K, 10% used [0x00000000c0000000,0x00000000c06ce1f8,0x00000000c4300000)
 Metaspace       used 28532K, committed 28992K, reserved 1114112K
  class space    used 2746K, committed 2944K, reserved 1048576K

Card table byte_map: [0x0000023977070000,0x0000023977280000] _byte_map_base: 0x0000023976a70000

Marking Bits: (ParMarkBitMap*) 0x00007ffd4ab5d7d0
 Begin Bits: [0x00000239773e0000, 0x00000239783e0000)
 End Bits:   [0x00000239783e0000, 0x00000239793e0000)

Polling page: 0x0000023963ab0000

Metaspace:

Usage:
  Non-class:     25.18 MB used.
      Class:      2.68 MB used.
       Both:     27.86 MB used.

Virtual space:
  Non-class space:       64.00 MB reserved,      25.44 MB ( 40%) committed,  1 nodes.
      Class space:        1.00 GB reserved,       2.88 MB ( <1%) committed,  1 nodes.
             Both:        1.06 GB reserved,      28.31 MB (  3%) committed. 

Chunk freelists:
   Non-Class:  6.38 MB
       Class:  13.09 MB
        Both:  19.47 MB

MaxMetaspaceSize: unlimited
CompressedClassSpaceSize: 1.00 GB
Initial GC threshold: 21.00 MB
Current GC threshold: 35.00 MB
CDS: off
MetaspaceReclaimPolicy: balanced
 - commit_granule_bytes: 65536.
 - commit_granule_words: 8192.
 - virtual_space_node_default_size: 8388608.
 - enlarge_chunks_in_place: 1.
 - new_chunks_are_fully_committed: 0.
 - uncommit_free_chunks: 1.
 - use_allocation_guard: 0.
 - handle_deallocations: 1.


Internal statistics:

num_allocs_failed_limit: 3.
num_arena_births: 290.
num_arena_deaths: 14.
num_vsnodes_births: 2.
num_vsnodes_deaths: 0.
num_space_committed: 453.
num_space_uncommitted: 0.
num_chunks_returned_to_freelist: 17.
num_chunks_taken_from_freelist: 1066.
num_chunk_merges: 5.
num_chunk_splits: 705.
num_chunks_enlarged: 491.
num_inconsistent_stats: 0.

CodeHeap 'non-profiled nmethods': size=120000Kb used=1070Kb max_used=1070Kb free=118929Kb
 bounds [0x000002396f960000, 0x000002396fbd0000, 0x0000023976e90000]
CodeHeap 'profiled nmethods': size=120000Kb used=5070Kb max_used=5070Kb free=114930Kb
 bounds [0x0000023967e90000, 0x0000023968390000, 0x000002396f3c0000]
CodeHeap 'non-nmethods': size=5760Kb used=1236Kb max_used=1290Kb free=4524Kb
 bounds [0x000002396f3c0000, 0x000002396f630000, 0x000002396f960000]
 total_blobs=3058 nmethods=2512 adapters=460
 compilation: enabled
              stopped_count=0, restarted_count=0
 full_count=0

Compilation events (20 events):
Event: 7.719 Thread 0x000002397e9465c0 2500       3       java.util.LinkedHashMap$LinkedKeyIterator::next (8 bytes)
Event: 7.719 Thread 0x000002397e9465c0 nmethod 2500 0x0000023968380490 code [0x0000023968380640, 0x00000239683807a8]
Event: 7.720 Thread 0x000002397e9465c0 2501       1       org.eclipse.osgi.internal.loader.sources.PackageSource::getId (5 bytes)
Event: 7.720 Thread 0x000002397e9465c0 nmethod 2501 0x000002396fa5bf10 code [0x000002396fa5c0a0, 0x000002396fa5c178]
Event: 7.726 Thread 0x000002397e9465c0 2504       3       java.lang.invoke.MethodHandles$Lookup$ClassFile::<init> (20 bytes)
Event: 7.726 Thread 0x000002397e9465c0 nmethod 2504 0x0000023968380890 code [0x0000023968380a20, 0x0000023968380bb8]
Event: 7.726 Thread 0x000002397e9465c0 2506       3       java.lang.invoke.MethodHandles$Lookup$ClassOption::optionsToFlag (40 bytes)
Event: 7.727 Thread 0x000002397e9465c0 nmethod 2506 0x0000023968380c90 code [0x0000023968380e60, 0x0000023968381328]
Event: 7.727 Thread 0x000002397e9465c0 2505       3       java.lang.invoke.MethodHandles$Lookup::makeHiddenClassDefiner (42 bytes)
Event: 7.730 Thread 0x000002397e9465c0 nmethod 2505 0x0000023968381490 code [0x0000023968381760, 0x0000023968382698]
Event: 7.750 Thread 0x000002397e9465c0 2508       3       java.util.StringTokenizer::countTokens (46 bytes)
Event: 7.750 Thread 0x0000023900428030 2509       4       java.util.HashSet::add (20 bytes)
Event: 7.751 Thread 0x000002397e9465c0 nmethod 2508 0x0000023968382c10 code [0x0000023968382dc0, 0x0000023968383058]
Event: 7.756 Thread 0x0000023900428030 nmethod 2509 0x000002396fa5cb10 code [0x000002396fa5ccc0, 0x000002396fa5cf38]
Event: 7.757 Thread 0x000002397e9465c0 2510       3       sun.util.locale.LocaleUtils::isAlphaNumeric (20 bytes)
Event: 7.758 Thread 0x000002397e9465c0 nmethod 2510 0x0000023968383190 code [0x0000023968383340, 0x0000023968383718]
Event: 7.760 Thread 0x000002397e9465c0 2511       1       org.eclipse.core.internal.jobs.InternalJob::previous (5 bytes)
Event: 7.760 Thread 0x000002397e9465c0 nmethod 2511 0x000002396fa5d110 code [0x000002396fa5d2a0, 0x000002396fa5d378]
Event: 7.760 Thread 0x000002397e9465c0 2512       1       java.util.concurrent.atomic.AtomicReference::set (6 bytes)
Event: 7.761 Thread 0x000002397e9465c0 nmethod 2512 0x000002396fa5d410 code [0x000002396fa5d5a0, 0x000002396fa5d678]

GC Heap History (14 events):
Event: 2.160 GC heap before
{Heap before GC invocations=1 (full 0):
 PSYoungGen      total 29696K, used 25600K [0x00000000eab00000, 0x00000000ecc00000, 0x0000000100000000)
  eden space 25600K, 100% used [0x00000000eab00000,0x00000000ec400000,0x00000000ec400000)
  from space 4096K, 0% used [0x00000000ec800000,0x00000000ec800000,0x00000000ecc00000)
  to   space 4096K, 0% used [0x00000000ec400000,0x00000000ec400000,0x00000000ec800000)
 ParOldGen       total 68608K, used 0K [0x00000000c0000000, 0x00000000c4300000, 0x00000000eab00000)
  object space 68608K, 0% used [0x00000000c0000000,0x00000000c0000000,0x00000000c4300000)
 Metaspace       used 10996K, committed 11200K, reserved 1114112K
  class space    used 1096K, committed 1216K, reserved 1048576K
}
Event: 2.178 GC heap after
{Heap after GC invocations=1 (full 0):
 PSYoungGen      total 29696K, used 3156K [0x00000000eab00000, 0x00000000ecc00000, 0x0000000100000000)
  eden space 25600K, 0% used [0x00000000eab00000,0x00000000eab00000,0x00000000ec400000)
  from space 4096K, 77% used [0x00000000ec400000,0x00000000ec715278,0x00000000ec800000)
  to   space 4096K, 0% used [0x00000000ec800000,0x00000000ec800000,0x00000000ecc00000)
 ParOldGen       total 68608K, used 16K [0x00000000c0000000, 0x00000000c4300000, 0x00000000eab00000)
  object space 68608K, 0% used [0x00000000c0000000,0x00000000c0004000,0x00000000c4300000)
 Metaspace       used 10996K, committed 11200K, reserved 1114112K
  class space    used 1096K, committed 1216K, reserved 1048576K
}
Event: 4.051 GC heap before
{Heap before GC invocations=2 (full 0):
 PSYoungGen      total 29696K, used 28756K [0x00000000eab00000, 0x00000000ecc00000, 0x0000000100000000)
  eden space 25600K, 100% used [0x00000000eab00000,0x00000000ec400000,0x00000000ec400000)
  from space 4096K, 77% used [0x00000000ec400000,0x00000000ec715278,0x00000000ec800000)
  to   space 4096K, 0% used [0x00000000ec800000,0x00000000ec800000,0x00000000ecc00000)
 ParOldGen       total 68608K, used 16K [0x00000000c0000000, 0x00000000c4300000, 0x00000000eab00000)
  object space 68608K, 0% used [0x00000000c0000000,0x00000000c0004000,0x00000000c4300000)
 Metaspace       used 14813K, committed 15104K, reserved 1114112K
  class space    used 1498K, committed 1664K, reserved 1048576K
}
Event: 4.063 GC heap after
{Heap after GC invocations=2 (full 0):
 PSYoungGen      total 29696K, used 4067K [0x00000000eab00000, 0x00000000ecc00000, 0x0000000100000000)
  eden space 25600K, 0% used [0x00000000eab00000,0x00000000eab00000,0x00000000ec400000)
  from space 4096K, 99% used [0x00000000ec800000,0x00000000ecbf8f38,0x00000000ecc00000)
  to   space 4096K, 0% used [0x00000000ec400000,0x00000000ec400000,0x00000000ec800000)
 ParOldGen       total 68608K, used 778K [0x00000000c0000000, 0x00000000c4300000, 0x00000000eab00000)
  object space 68608K, 1% used [0x00000000c0000000,0x00000000c00c2b70,0x00000000c4300000)
 Metaspace       used 14813K, committed 15104K, reserved 1114112K
  class space    used 1498K, committed 1664K, reserved 1048576K
}
Event: 5.577 GC heap before
{Heap before GC invocations=3 (full 0):
 PSYoungGen      total 29696K, used 29667K [0x00000000eab00000, 0x00000000ecc00000, 0x0000000100000000)
  eden space 25600K, 100% used [0x00000000eab00000,0x00000000ec400000,0x00000000ec400000)
  from space 4096K, 99% used [0x00000000ec800000,0x00000000ecbf8f38,0x00000000ecc00000)
  to   space 4096K, 0% used [0x00000000ec400000,0x00000000ec400000,0x00000000ec800000)
 ParOldGen       total 68608K, used 778K [0x00000000c0000000, 0x00000000c4300000, 0x00000000eab00000)
  object space 68608K, 1% used [0x00000000c0000000,0x00000000c00c2b70,0x00000000c4300000)
 Metaspace       used 19736K, committed 20096K, reserved 1114112K
  class space    used 2015K, committed 2176K, reserved 1048576K
}
Event: 5.587 GC heap after
{Heap after GC invocations=3 (full 0):
 PSYoungGen      total 29696K, used 4090K [0x00000000eab00000, 0x00000000ecc00000, 0x0000000100000000)
  eden space 25600K, 0% used [0x00000000eab00000,0x00000000eab00000,0x00000000ec400000)
  from space 4096K, 99% used [0x00000000ec400000,0x00000000ec7febd8,0x00000000ec800000)
  to   space 4096K, 0% used [0x00000000ec800000,0x00000000ec800000,0x00000000ecc00000)
 ParOldGen       total 68608K, used 2609K [0x00000000c0000000, 0x00000000c4300000, 0x00000000eab00000)
  object space 68608K, 3% used [0x00000000c0000000,0x00000000c028c698,0x00000000c4300000)
 Metaspace       used 19736K, committed 20096K, reserved 1114112K
  class space    used 2015K, committed 2176K, reserved 1048576K
}
Event: 5.954 GC heap before
{Heap before GC invocations=4 (full 0):
 PSYoungGen      total 29696K, used 11550K [0x00000000eab00000, 0x00000000ecc00000, 0x0000000100000000)
  eden space 25600K, 29% used [0x00000000eab00000,0x00000000eb248d08,0x00000000ec400000)
  from space 4096K, 99% used [0x00000000ec400000,0x00000000ec7febd8,0x00000000ec800000)
  to   space 4096K, 0% used [0x00000000ec800000,0x00000000ec800000,0x00000000ecc00000)
 ParOldGen       total 68608K, used 2609K [0x00000000c0000000, 0x00000000c4300000, 0x00000000eab00000)
  object space 68608K, 3% used [0x00000000c0000000,0x00000000c028c698,0x00000000c4300000)
 Metaspace       used 21086K, committed 21504K, reserved 1114112K
  class space    used 2154K, committed 2368K, reserved 1048576K
}
Event: 5.959 GC heap after
{Heap after GC invocations=4 (full 0):
 PSYoungGen      total 29696K, used 4090K [0x00000000eab00000, 0x00000000ecc00000, 0x0000000100000000)
  eden space 25600K, 0% used [0x00000000eab00000,0x00000000eab00000,0x00000000ec400000)
  from space 4096K, 99% used [0x00000000ec800000,0x00000000ecbfebb8,0x00000000ecc00000)
  to   space 4096K, 0% used [0x00000000ec400000,0x00000000ec400000,0x00000000ec800000)
 ParOldGen       total 68608K, used 2998K [0x00000000c0000000, 0x00000000c4300000, 0x00000000eab00000)
  object space 68608K, 4% used [0x00000000c0000000,0x00000000c02edb98,0x00000000c4300000)
 Metaspace       used 21086K, committed 21504K, reserved 1114112K
  class space    used 2154K, committed 2368K, reserved 1048576K
}
Event: 5.959 GC heap before
{Heap before GC invocations=5 (full 1):
 PSYoungGen      total 29696K, used 4090K [0x00000000eab00000, 0x00000000ecc00000, 0x0000000100000000)
  eden space 25600K, 0% used [0x00000000eab00000,0x00000000eab00000,0x00000000ec400000)
  from space 4096K, 99% used [0x00000000ec800000,0x00000000ecbfebb8,0x00000000ecc00000)
  to   space 4096K, 0% used [0x00000000ec400000,0x00000000ec400000,0x00000000ec800000)
 ParOldGen       total 68608K, used 2998K [0x00000000c0000000, 0x00000000c4300000, 0x00000000eab00000)
  object space 68608K, 4% used [0x00000000c0000000,0x00000000c02edb98,0x00000000c4300000)
 Metaspace       used 21086K, committed 21504K, reserved 1114112K
  class space    used 2154K, committed 2368K, reserved 1048576K
}
Event: 6.005 GC heap after
{Heap after GC invocations=5 (full 1):
 PSYoungGen      total 29696K, used 0K [0x00000000eab00000, 0x00000000ecc00000, 0x0000000100000000)
  eden space 25600K, 0% used [0x00000000eab00000,0x00000000eab00000,0x00000000ec400000)
  from space 4096K, 0% used [0x00000000ec800000,0x00000000ec800000,0x00000000ecc00000)
  to   space 4096K, 0% used [0x00000000ec400000,0x00000000ec400000,0x00000000ec800000)
 ParOldGen       total 68608K, used 6944K [0x00000000c0000000, 0x00000000c4300000, 0x00000000eab00000)
  object space 68608K, 10% used [0x00000000c0000000,0x00000000c06c81f8,0x00000000c4300000)
 Metaspace       used 21073K, committed 21504K, reserved 1114112K
  class space    used 2151K, committed 2368K, reserved 1048576K
}
Event: 6.589 GC heap before
{Heap before GC invocations=6 (full 1):
 PSYoungGen      total 29696K, used 25600K [0x00000000eab00000, 0x00000000ecc00000, 0x0000000100000000)
  eden space 25600K, 100% used [0x00000000eab00000,0x00000000ec400000,0x00000000ec400000)
  from space 4096K, 0% used [0x00000000ec800000,0x00000000ec800000,0x00000000ecc00000)
  to   space 4096K, 0% used [0x00000000ec400000,0x00000000ec400000,0x00000000ec800000)
 ParOldGen       total 68608K, used 6944K [0x00000000c0000000, 0x00000000c4300000, 0x00000000eab00000)
  object space 68608K, 10% used [0x00000000c0000000,0x00000000c06c81f8,0x00000000c4300000)
 Metaspace       used 24151K, committed 24640K, reserved 1114112K
  class space    used 2386K, committed 2624K, reserved 1048576K
}
Event: 6.592 GC heap after
{Heap after GC invocations=6 (full 1):
 PSYoungGen      total 26112K, used 802K [0x00000000eab00000, 0x00000000ec880000, 0x0000000100000000)
  eden space 25088K, 0% used [0x00000000eab00000,0x00000000eab00000,0x00000000ec380000)
  from space 1024K, 78% used [0x00000000ec400000,0x00000000ec4c8bd0,0x00000000ec500000)
  to   space 2560K, 0% used [0x00000000ec600000,0x00000000ec600000,0x00000000ec880000)
 ParOldGen       total 68608K, used 6952K [0x00000000c0000000, 0x00000000c4300000, 0x00000000eab00000)
  object space 68608K, 10% used [0x00000000c0000000,0x00000000c06ca1f8,0x00000000c4300000)
 Metaspace       used 24151K, committed 24640K, reserved 1114112K
  class space    used 2386K, committed 2624K, reserved 1048576K
}
Event: 7.092 GC heap before
{Heap before GC invocations=7 (full 1):
 PSYoungGen      total 26112K, used 25890K [0x00000000eab00000, 0x00000000ec880000, 0x0000000100000000)
  eden space 25088K, 100% used [0x00000000eab00000,0x00000000ec380000,0x00000000ec380000)
  from space 1024K, 78% used [0x00000000ec400000,0x00000000ec4c8bd0,0x00000000ec500000)
  to   space 2560K, 0% used [0x00000000ec600000,0x00000000ec600000,0x00000000ec880000)
 ParOldGen       total 68608K, used 6952K [0x00000000c0000000, 0x00000000c4300000, 0x00000000eab00000)
  object space 68608K, 10% used [0x00000000c0000000,0x00000000c06ca1f8,0x00000000c4300000)
 Metaspace       used 27011K, committed 27584K, reserved 1114112K
  class space    used 2614K, committed 2880K, reserved 1048576K
}
Event: 7.094 GC heap after
{Heap after GC invocations=7 (full 1):
 PSYoungGen      total 27136K, used 2530K [0x00000000eab00000, 0x00000000ec900000, 0x0000000100000000)
  eden space 24576K, 0% used [0x00000000eab00000,0x00000000eab00000,0x00000000ec300000)
  from space 2560K, 98% used [0x00000000ec600000,0x00000000ec878a38,0x00000000ec880000)
  to   space 3072K, 0% used [0x00000000ec300000,0x00000000ec300000,0x00000000ec600000)
 ParOldGen       total 68608K, used 6968K [0x00000000c0000000, 0x00000000c4300000, 0x00000000eab00000)
  object space 68608K, 10% used [0x00000000c0000000,0x00000000c06ce1f8,0x00000000c4300000)
 Metaspace       used 27011K, committed 27584K, reserved 1114112K
  class space    used 2614K, committed 2880K, reserved 1048576K
}

Dll operation events (9 events):
Event: 0.023 Loaded shared library c:\Users\ejboy\.vscode\extensions\redhat.java-1.29.0-win32-x64\jre\17.0.10-win32-x86_64\bin\java.dll
Event: 0.457 Loaded shared library c:\Users\ejboy\.vscode\extensions\redhat.java-1.29.0-win32-x64\jre\17.0.10-win32-x86_64\bin\zip.dll
Event: 0.465 Loaded shared library C:\Users\ejboy\.vscode\extensions\redhat.java-1.29.0-win32-x64\jre\17.0.10-win32-x86_64\bin\instrument.dll
Event: 0.501 Loaded shared library C:\Users\ejboy\.vscode\extensions\redhat.java-1.29.0-win32-x64\jre\17.0.10-win32-x86_64\bin\net.dll
Event: 0.506 Loaded shared library C:\Users\ejboy\.vscode\extensions\redhat.java-1.29.0-win32-x64\jre\17.0.10-win32-x86_64\bin\nio.dll
Event: 0.526 Loaded shared library C:\Users\ejboy\.vscode\extensions\redhat.java-1.29.0-win32-x64\jre\17.0.10-win32-x86_64\bin\zip.dll
Event: 0.569 Loaded shared library C:\Users\ejboy\.vscode\extensions\redhat.java-1.29.0-win32-x64\jre\17.0.10-win32-x86_64\bin\jimage.dll
Event: 0.731 Loaded shared library c:\Users\ejboy\.vscode\extensions\redhat.java-1.29.0-win32-x64\jre\17.0.10-win32-x86_64\bin\verify.dll
Event: 3.681 Loaded shared library C:\Users\ejboy\AppData\Roaming\Code\User\globalStorage\redhat.java\1.29.0\config_ss_win\org.eclipse.equinox.launcher\org.eclipse.equinox.launcher.win32.win32.x86_64_1.2.900.v20240213-1244\eclipse_11900.dll

Deoptimization events (20 events):
Event: 7.459 Thread 0x0000023900b28b50 DEOPT PACKING pc=0x0000023967f8239e sp=0x000000cc2bff7f00
Event: 7.459 Thread 0x0000023900b28b50 DEOPT UNPACKING pc=0x000002396f416e43 sp=0x000000cc2bff73f8 mode 0
Event: 7.496 Thread 0x0000023900b28b50 DEOPT PACKING pc=0x0000023967f8239e sp=0x000000cc2bff7f00
Event: 7.496 Thread 0x0000023900b28b50 DEOPT UNPACKING pc=0x000002396f416e43 sp=0x000000cc2bff73f8 mode 0
Event: 7.499 Thread 0x0000023900b28b50 Uncommon trap: trap_request=0xffffffc6 fr.pc=0x000002396f9eee50 relative=0x0000000000000990
Event: 7.499 Thread 0x0000023900b28b50 Uncommon trap: reason=bimorphic_or_optimized_type_check action=maybe_recompile pc=0x000002396f9eee50 method=java.util.HashMap.putVal(ILjava/lang/Object;Ljava/lang/Object;ZZ)Ljava/lang/Object; @ 56 c2
Event: 7.499 Thread 0x0000023900b28b50 DEOPT PACKING pc=0x000002396f9eee50 sp=0x000000cc2bff9960
Event: 7.499 Thread 0x0000023900b28b50 DEOPT UNPACKING pc=0x000002396f4166a3 sp=0x000000cc2bff98b8 mode 2
Event: 7.499 Thread 0x0000023900b28b50 Uncommon trap: trap_request=0xffffffc6 fr.pc=0x000002396f9eef20 relative=0x0000000000000a60
Event: 7.499 Thread 0x0000023900b28b50 Uncommon trap: reason=bimorphic_or_optimized_type_check action=maybe_recompile pc=0x000002396f9eef20 method=java.util.HashMap.putVal(ILjava/lang/Object;Ljava/lang/Object;ZZ)Ljava/lang/Object; @ 253 c2
Event: 7.499 Thread 0x0000023900b28b50 DEOPT PACKING pc=0x000002396f9eef20 sp=0x000000cc2bff98b0
Event: 7.499 Thread 0x0000023900b28b50 DEOPT UNPACKING pc=0x000002396f4166a3 sp=0x000000cc2bff9830 mode 2
Event: 7.597 Thread 0x0000023900b28b50 Uncommon trap: trap_request=0xffffff45 fr.pc=0x000002396fa575f8 relative=0x0000000000000938
Event: 7.597 Thread 0x0000023900b28b50 Uncommon trap: reason=unstable_if action=reinterpret pc=0x000002396fa575f8 method=java.util.Properties$LineReader.readLine()I @ 25 c2
Event: 7.597 Thread 0x0000023900b28b50 DEOPT PACKING pc=0x000002396fa575f8 sp=0x000000cc2bff8d30
Event: 7.597 Thread 0x0000023900b28b50 DEOPT UNPACKING pc=0x000002396f4166a3 sp=0x000000cc2bff8ce0 mode 2
Event: 7.597 Thread 0x0000023900b28b50 Uncommon trap: trap_request=0xffffff76 fr.pc=0x000002396fa2d8a4 relative=0x0000000000000e24
Event: 7.597 Thread 0x0000023900b28b50 Uncommon trap: reason=predicate action=maybe_recompile pc=0x000002396fa2d8a4 method=java.util.Properties$LineReader.readLine()I @ 53 c2
Event: 7.597 Thread 0x0000023900b28b50 DEOPT PACKING pc=0x000002396fa2d8a4 sp=0x000000cc2bff8d40
Event: 7.597 Thread 0x0000023900b28b50 DEOPT UNPACKING pc=0x000002396f4166a3 sp=0x000000cc2bff8cf8 mode 2

Classes unloaded (7 events):
Event: 5.967 Thread 0x000002397e904870 Unloading class 0x000000010021a400 'java/lang/invoke/LambdaForm$MH+0x000000010021a400'
Event: 5.967 Thread 0x000002397e904870 Unloading class 0x000000010021a000 'java/lang/invoke/LambdaForm$MH+0x000000010021a000'
Event: 5.967 Thread 0x000002397e904870 Unloading class 0x0000000100219c00 'java/lang/invoke/LambdaForm$MH+0x0000000100219c00'
Event: 5.967 Thread 0x000002397e904870 Unloading class 0x0000000100219800 'java/lang/invoke/LambdaForm$MH+0x0000000100219800'
Event: 5.967 Thread 0x000002397e904870 Unloading class 0x0000000100219400 'java/lang/invoke/LambdaForm$BMH+0x0000000100219400'
Event: 5.967 Thread 0x000002397e904870 Unloading class 0x0000000100219000 'java/lang/invoke/LambdaForm$DMH+0x0000000100219000'
Event: 5.967 Thread 0x000002397e904870 Unloading class 0x0000000100214400 'java/lang/invoke/LambdaForm$DMH+0x0000000100214400'

Classes redefined (0 events):
No events

Internal exceptions (20 events):
Event: 5.712 Thread 0x0000023900b28b50 Exception <a 'java/lang/NoSuchMethodError'{0x00000000ead24890}: 'java.lang.Object java.lang.invoke.DirectMethodHandle$Holder.newInvokeSpecial(java.lang.Object, java.lang.Object, java.lang.Object, java.lang.Object, java.lang.Object)'> (0x00000000ead24890) 
thrown [s\src\hotspot\share\interpreter\linkResolver.cpp, line 759]
Event: 5.785 Thread 0x0000023900b28b50 Exception <a 'java/lang/NoSuchMethodError'{0x00000000eae5dbf0}: 'java.lang.Object java.lang.invoke.DirectMethodHandle$Holder.invokeStaticInit(java.lang.Object, int)'> (0x00000000eae5dbf0) 
thrown [s\src\hotspot\share\interpreter\linkResolver.cpp, line 759]
Event: 5.888 Thread 0x0000023900b28b50 Exception <a 'java/lang/NoSuchMethodError'{0x00000000eb07a298}: 'java.lang.Object java.lang.invoke.DirectMethodHandle$Holder.invokeSpecial(java.lang.Object, java.lang.Object, java.lang.Object, long, java.lang.Object)'> (0x00000000eb07a298) 
thrown [s\src\hotspot\share\interpreter\linkResolver.cpp, line 759]
Event: 5.890 Thread 0x0000023900b28b50 Exception <a 'java/lang/NoSuchMethodError'{0x00000000eb082450}: 'java.lang.Object java.lang.invoke.DirectMethodHandle$Holder.newInvokeSpecial(java.lang.Object, java.lang.Object, java.lang.Object, long)'> (0x00000000eb082450) 
thrown [s\src\hotspot\share\interpreter\linkResolver.cpp, line 759]
Event: 5.891 Thread 0x0000023900b28b50 Exception <a 'java/lang/NoSuchMethodError'{0x00000000eb0869f0}: 'java.lang.Object java.lang.invoke.DirectMethodHandle$Holder.invokeSpecial(java.lang.Object, java.lang.Object, java.lang.Object, java.lang.Object, long)'> (0x00000000eb0869f0) 
thrown [s\src\hotspot\share\interpreter\linkResolver.cpp, line 759]
Event: 5.892 Thread 0x0000023900b28b50 Exception <a 'java/lang/NoSuchMethodError'{0x00000000eb08a868}: 'java.lang.Object java.lang.invoke.Invokers$Holder.linkToTargetMethod(java.lang.Object, java.lang.Object, long, java.lang.Object)'> (0x00000000eb08a868) 
thrown [s\src\hotspot\share\interpreter\linkResolver.cpp, line 759]
Event: 5.914 Thread 0x0000023900b28b50 Exception <a 'java/lang/NoSuchMethodError'{0x00000000eb10c220}: 'int java.lang.invoke.DirectMethodHandle$Holder.invokeStaticInit(java.lang.Object, java.lang.Object, java.lang.Object)'> (0x00000000eb10c220) 
thrown [s\src\hotspot\share\interpreter\linkResolver.cpp, line 759]
Event: 6.063 Thread 0x0000023900b28b50 Exception <a 'java/lang/IncompatibleClassChangeError'{0x00000000eac83720}: Found class java.lang.Object, but interface was expected> (0x00000000eac83720) 
thrown [s\src\hotspot\share\interpreter\linkResolver.cpp, line 826]
Event: 6.087 Thread 0x0000023900b28b50 Exception <a 'java/lang/NoSuchMethodError'{0x00000000eac9e990}: 'java.lang.Object java.lang.invoke.DirectMethodHandle$Holder.invokeSpecial(java.lang.Object, java.lang.Object, java.lang.Object, int, java.lang.Object, java.lang.Object)'> (0x00000000eac9e990) 
thrown [s\src\hotspot\share\interpreter\linkResolver.cpp, line 759]
Event: 6.089 Thread 0x0000023900b28b50 Exception <a 'java/lang/NoSuchMethodError'{0x00000000eaca7118}: 'java.lang.Object java.lang.invoke.DirectMethodHandle$Holder.newInvokeSpecial(java.lang.Object, java.lang.Object, java.lang.Object, int, java.lang.Object)'> (0x00000000eaca7118) 
thrown [s\src\hotspot\share\interpreter\linkResolver.cpp, line 759]
Event: 6.090 Thread 0x0000023900b28b50 Exception <a 'java/lang/NoSuchMethodError'{0x00000000eacab570}: 'java.lang.Object java.lang.invoke.DirectMethodHandle$Holder.invokeSpecial(java.lang.Object, java.lang.Object, java.lang.Object, java.lang.Object, int, java.lang.Object)'> (0x00000000eacab570) 
thrown [s\src\hotspot\share\interpreter\linkResolver.cpp, line 759]
Event: 6.092 Thread 0x0000023900dd3c20 Exception <a 'java/lang/NoSuchMethodError'{0x00000000eacdeff0}: 'java.lang.Object java.lang.invoke.DirectMethodHandle$Holder.invokeSpecial(java.lang.Object, java.lang.Object, int, java.lang.Object, java.lang.Object)'> (0x00000000eacdeff0) 
thrown [s\src\hotspot\share\interpreter\linkResolver.cpp, line 759]
Event: 6.094 Thread 0x0000023900dd3c20 Exception <a 'java/lang/NoSuchMethodError'{0x00000000eace66c0}: 'java.lang.Object java.lang.invoke.DirectMethodHandle$Holder.newInvokeSpecial(java.lang.Object, java.lang.Object, int, java.lang.Object)'> (0x00000000eace66c0) 
thrown [s\src\hotspot\share\interpreter\linkResolver.cpp, line 759]
Event: 6.094 Thread 0x0000023900dd3c20 Exception <a 'java/lang/NoSuchMethodError'{0x00000000eacea1d0}: 'java.lang.Object java.lang.invoke.DirectMethodHandle$Holder.invokeSpecial(java.lang.Object, java.lang.Object, java.lang.Object, int, java.lang.Object)'> (0x00000000eacea1d0) 
thrown [s\src\hotspot\share\interpreter\linkResolver.cpp, line 759]
Event: 6.825 Thread 0x0000023900b28b50 Implicit null exception at 0x000002396fa45d49 to 0x000002396fa45e1c
Event: 7.591 Thread 0x0000023900b28b50 Exception <a 'java/lang/ClassNotFoundException'{0x00000000eb532770}: com/sun/org/apache/xerces/internal/impl/msg/spi/DOMMessagesProvider> (0x00000000eb532770) 
thrown [s\src\hotspot\share\classfile\systemDictionary.cpp, line 256]
Event: 7.597 Thread 0x0000023900b28b50 Implicit null exception at 0x000002396fa2cb8d to 0x000002396fa2d884
Event: 7.604 Thread 0x0000023900b28b50 Exception <a 'java/lang/ClassNotFoundException'{0x00000000eb55a5d8}: com/sun/org/apache/xerces/internal/impl/msg/spi/XMLSerializerMessagesProvider> (0x00000000eb55a5d8) 
thrown [s\src\hotspot\share\classfile\systemDictionary.cpp, line 256]
Event: 7.606 Thread 0x0000023900b28b50 Exception <a 'java/lang/ClassNotFoundException'{0x00000000eb567860}: com/sun/org/apache/xerces/internal/impl/msg/spi/XMLMessagesProvider> (0x00000000eb567860) 
thrown [s\src\hotspot\share\classfile\systemDictionary.cpp, line 256]
Event: 7.725 Thread 0x0000023900b28b50 Exception <a 'java/lang/NoSuchMethodError'{0x00000000eb815228}: 'java.lang.Object java.lang.invoke.DirectMethodHandle$Holder.newInvokeSpecial(java.lang.Object, int, java.lang.Object, java.lang.Object)'> (0x00000000eb815228) 
thrown [s\src\hotspot\share\interpreter\linkResolver.cpp, line 759]

VM Operations (20 events):
Event: 5.302 Executing VM operation: HandshakeAllThreads
Event: 5.302 Executing VM operation: HandshakeAllThreads done
Event: 5.302 Executing VM operation: Cleanup
Event: 5.303 Executing VM operation: Cleanup done
Event: 5.577 Executing VM operation: ParallelGCFailedAllocation
Event: 5.587 Executing VM operation: ParallelGCFailedAllocation done
Event: 5.936 Executing VM operation: HandshakeAllThreads
Event: 5.936 Executing VM operation: HandshakeAllThreads done
Event: 5.954 Executing VM operation: CollectForMetadataAllocation
Event: 6.005 Executing VM operation: CollectForMetadataAllocation done
Event: 6.034 Executing VM operation: HandshakeAllThreads
Event: 6.034 Executing VM operation: HandshakeAllThreads done
Event: 6.122 Executing VM operation: HandshakeAllThreads
Event: 6.122 Executing VM operation: HandshakeAllThreads done
Event: 6.589 Executing VM operation: ParallelGCFailedAllocation
Event: 6.592 Executing VM operation: ParallelGCFailedAllocation done
Event: 7.091 Executing VM operation: ParallelGCFailedAllocation
Event: 7.094 Executing VM operation: ParallelGCFailedAllocation done
Event: 7.447 Executing VM operation: HandshakeAllThreads
Event: 7.447 Executing VM operation: HandshakeAllThreads done

Events (20 events):
Event: 7.741 loading class java/text/Format$Field
Event: 7.741 loading class java/text/AttributedCharacterIterator$Attribute
Event: 7.741 loading class java/text/AttributedCharacterIterator$Attribute done
Event: 7.741 loading class java/text/Format$Field done
Event: 7.741 loading class java/text/DateFormat$Field done
Event: 7.742 loading class java/util/Calendar
Event: 7.743 loading class java/util/Calendar done
Event: 7.744 loading class sun/util/spi/CalendarProvider
Event: 7.744 loading class sun/util/spi/CalendarProvider done
Event: 7.745 loading class sun/util/locale/provider/CalendarProviderImpl
Event: 7.745 loading class sun/util/locale/provider/CalendarProviderImpl done
Event: 7.756 loading class java/util/Calendar$Builder
Event: 7.757 loading class java/util/Calendar$Builder done
Event: 7.757 loading class java/util/GregorianCalendar
Event: 7.758 loading class java/util/GregorianCalendar done
Event: 7.758 loading class java/util/spi/CalendarDataProvider
Event: 7.759 loading class java/util/spi/CalendarDataProvider done
Event: 7.759 loading class sun/util/locale/provider/LocaleServiceProviderPool
Event: 7.761 loading class sun/util/locale/provider/LocaleServiceProviderPool done
Event: 7.762 loading class java/text/spi/BreakIteratorProvider


Dynamic libraries:
0x00007ff740c40000 - 0x00007ff740c4e000 	c:\Users\ejboy\.vscode\extensions\redhat.java-1.29.0-win32-x64\jre\17.0.10-win32-x86_64\bin\java.exe
0x00007ffd97310000 - 0x00007ffd97526000 	C:\WINDOWS\SYSTEM32\ntdll.dll
0x00007ffd95a50000 - 0x00007ffd95b14000 	C:\WINDOWS\System32\KERNEL32.DLL
0x00007ffd94b50000 - 0x00007ffd94ef7000 	C:\WINDOWS\System32\KERNELBASE.dll
0x00007ffd94750000 - 0x00007ffd94861000 	C:\WINDOWS\System32\ucrtbase.dll
0x00007ffd7b130000 - 0x00007ffd7b147000 	c:\Users\ejboy\.vscode\extensions\redhat.java-1.29.0-win32-x64\jre\17.0.10-win32-x86_64\bin\jli.dll
0x00007ffd7af00000 - 0x00007ffd7af1b000 	c:\Users\ejboy\.vscode\extensions\redhat.java-1.29.0-win32-x64\jre\17.0.10-win32-x86_64\bin\VCRUNTIME140.dll
0x00007ffd95f40000 - 0x00007ffd960ee000 	C:\WINDOWS\System32\USER32.dll
0x00007ffd95010000 - 0x00007ffd95036000 	C:\WINDOWS\System32\win32u.dll
0x00007ffd95760000 - 0x00007ffd95789000 	C:\WINDOWS\System32\GDI32.dll
0x00007ffd7cbb0000 - 0x00007ffd7ce43000 	C:\WINDOWS\WinSxS\amd64_microsoft.windows.common-controls_6595b64144ccf1df_6.0.22621.3235_none_270f74e173860f98\COMCTL32.dll
0x00007ffd94630000 - 0x00007ffd94749000 	C:\WINDOWS\System32\gdi32full.dll
0x00007ffd959a0000 - 0x00007ffd95a47000 	C:\WINDOWS\System32\msvcrt.dll
0x00007ffd94f70000 - 0x00007ffd9500a000 	C:\WINDOWS\System32\msvcp_win.dll
0x00007ffd960f0000 - 0x00007ffd96121000 	C:\WINDOWS\System32\IMM32.DLL
0x00007ffd911c0000 - 0x00007ffd911cc000 	c:\Users\ejboy\.vscode\extensions\redhat.java-1.29.0-win32-x64\jre\17.0.10-win32-x86_64\bin\vcruntime140_1.dll
0x00007ffd743d0000 - 0x00007ffd7445d000 	c:\Users\ejboy\.vscode\extensions\redhat.java-1.29.0-win32-x64\jre\17.0.10-win32-x86_64\bin\msvcp140.dll
0x00007ffd49fc0000 - 0x00007ffd4ac22000 	c:\Users\ejboy\.vscode\extensions\redhat.java-1.29.0-win32-x64\jre\17.0.10-win32-x86_64\bin\server\jvm.dll
0x00007ffd970d0000 - 0x00007ffd97182000 	C:\WINDOWS\System32\ADVAPI32.dll
0x00007ffd97190000 - 0x00007ffd97238000 	C:\WINDOWS\System32\sechost.dll
0x00007ffd94870000 - 0x00007ffd94898000 	C:\WINDOWS\System32\bcrypt.dll
0x00007ffd96330000 - 0x00007ffd96445000 	C:\WINDOWS\System32\RPCRT4.dll
0x00007ffd934a0000 - 0x00007ffd934ed000 	C:\WINDOWS\SYSTEM32\POWRPROF.dll
0x00007ffd8b6c0000 - 0x00007ffd8b6c9000 	C:\WINDOWS\SYSTEM32\WSOCK32.dll
0x00007ffd8d0c0000 - 0x00007ffd8d0f4000 	C:\WINDOWS\SYSTEM32\WINMM.dll
0x00007ffd95920000 - 0x00007ffd95991000 	C:\WINDOWS\System32\WS2_32.dll
0x00007ffd8d2f0000 - 0x00007ffd8d2fa000 	C:\WINDOWS\SYSTEM32\VERSION.dll
0x00007ffd93480000 - 0x00007ffd93493000 	C:\WINDOWS\SYSTEM32\UMPDC.dll
0x00007ffd93730000 - 0x00007ffd93748000 	C:\WINDOWS\SYSTEM32\kernel.appcore.dll
0x00007ffd8f900000 - 0x00007ffd8f90a000 	c:\Users\ejboy\.vscode\extensions\redhat.java-1.29.0-win32-x64\jre\17.0.10-win32-x86_64\bin\jimage.dll
0x00007ffd8b030000 - 0x00007ffd8b263000 	C:\WINDOWS\SYSTEM32\DBGHELP.DLL
0x00007ffd96470000 - 0x00007ffd967f8000 	C:\WINDOWS\System32\combase.dll
0x00007ffd95620000 - 0x00007ffd956f7000 	C:\WINDOWS\System32\OLEAUT32.dll
0x00007ffd74b40000 - 0x00007ffd74b72000 	C:\WINDOWS\SYSTEM32\dbgcore.DLL
0x00007ffd948a0000 - 0x00007ffd94919000 	C:\WINDOWS\System32\bcryptPrimitives.dll
0x00007ffd7ae60000 - 0x00007ffd7ae6e000 	c:\Users\ejboy\.vscode\extensions\redhat.java-1.29.0-win32-x64\jre\17.0.10-win32-x86_64\bin\instrument.dll
0x00007ffd77c00000 - 0x00007ffd77c25000 	c:\Users\ejboy\.vscode\extensions\redhat.java-1.29.0-win32-x64\jre\17.0.10-win32-x86_64\bin\java.dll
0x00007ffd77be0000 - 0x00007ffd77bf8000 	c:\Users\ejboy\.vscode\extensions\redhat.java-1.29.0-win32-x64\jre\17.0.10-win32-x86_64\bin\zip.dll
0x00007ffd96800000 - 0x00007ffd9705c000 	C:\WINDOWS\System32\SHELL32.dll
0x00007ffd92570000 - 0x00007ffd92e69000 	C:\WINDOWS\SYSTEM32\windows.storage.dll
0x00007ffd92430000 - 0x00007ffd9256e000 	C:\WINDOWS\SYSTEM32\wintypes.dll
0x00007ffd96130000 - 0x00007ffd96223000 	C:\WINDOWS\System32\SHCORE.dll
0x00007ffd95040000 - 0x00007ffd9509e000 	C:\WINDOWS\System32\shlwapi.dll
0x00007ffd94560000 - 0x00007ffd94581000 	C:\WINDOWS\SYSTEM32\profapi.dll
0x00007ffd74a50000 - 0x00007ffd74a69000 	C:\Users\ejboy\.vscode\extensions\redhat.java-1.29.0-win32-x64\jre\17.0.10-win32-x86_64\bin\net.dll
0x00007ffd8dfc0000 - 0x00007ffd8e0f6000 	C:\WINDOWS\SYSTEM32\WINHTTP.dll
0x00007ffd93ba0000 - 0x00007ffd93c09000 	C:\WINDOWS\system32\mswsock.dll
0x00007ffd743b0000 - 0x00007ffd743c6000 	C:\Users\ejboy\.vscode\extensions\redhat.java-1.29.0-win32-x64\jre\17.0.10-win32-x86_64\bin\nio.dll
0x00007ffd7aca0000 - 0x00007ffd7acb0000 	c:\Users\ejboy\.vscode\extensions\redhat.java-1.29.0-win32-x64\jre\17.0.10-win32-x86_64\bin\verify.dll
0x00007ffd5d4c0000 - 0x00007ffd5d4fe000 	C:\Users\ejboy\AppData\Roaming\Code\User\globalStorage\redhat.java\1.29.0\config_ss_win\org.eclipse.equinox.launcher\org.eclipse.equinox.launcher.win32.win32.x86_64_1.2.900.v20240213-1244\eclipse_11900.dll
0x00007ffd95d80000 - 0x00007ffd95f25000 	C:\WINDOWS\System32\ole32.dll

dbghelp: loaded successfully - version: 4.0.5 - missing functions: none
symbol engine: initialized successfully - sym options: 0x614 - pdb path: .;c:\Users\ejboy\.vscode\extensions\redhat.java-1.29.0-win32-x64\jre\17.0.10-win32-x86_64\bin;C:\WINDOWS\SYSTEM32;C:\WINDOWS\WinSxS\amd64_microsoft.windows.common-controls_6595b64144ccf1df_6.0.22621.3235_none_270f74e173860f98;c:\Users\ejboy\.vscode\extensions\redhat.java-1.29.0-win32-x64\jre\17.0.10-win32-x86_64\bin\server;C:\Users\ejboy\AppData\Roaming\Code\User\globalStorage\redhat.java\1.29.0\config_ss_win\org.eclipse.equinox.launcher\org.eclipse.equinox.launcher.win32.win32.x86_64_1.2.900.v20240213-1244

VM Arguments:
jvm_args: --add-modules=ALL-SYSTEM --add-opens=java.base/java.util=ALL-UNNAMED --add-opens=java.base/java.lang=ALL-UNNAMED --add-opens=java.base/sun.nio.fs=ALL-UNNAMED -Declipse.application=org.eclipse.jdt.ls.core.id1 -Dosgi.bundles.defaultStartLevel=4 -Declipse.product=org.eclipse.jdt.ls.core.product -Djava.import.generatesMetadataFilesAtProjectRoot=false -DDetectVMInstallationsJob.disabled=true -Dfile.encoding=utf8 -XX:+UseParallelGC -XX:GCTimeRatio=4 -XX:AdaptiveSizePolicyWeight=90 -Dsun.zip.disableMemoryMapping=true -Xmx1G -Xms100m -Xlog:disable -javaagent:c:\Users\ejboy\.vscode\extensions\redhat.java-1.29.0-win32-x64\lombok\lombok-1.18.32.jar 
java_command: c:\Users\ejboy\.vscode\extensions\redhat.java-1.29.0-win32-x64\server\plugins\org.eclipse.equinox.launcher_1.6.800.v20240304-1850.jar -configuration c:\Users\ejboy\AppData\Roaming\Code\User\globalStorage\redhat.java\1.29.0\config_ss_win -data c:\Users\ejboy\AppData\Roaming\Code\User\workspaceStorage\1ed0c30d0bfb09b902304d5fafa002c6\redhat.java\ss_ws --stdio
java_class_path (initial): c:\Users\ejboy\.vscode\extensions\redhat.java-1.29.0-win32-x64\server\plugins\org.eclipse.equinox.launcher_1.6.800.v20240304-1850.jar
Launcher Type: SUN_STANDARD

[Global flags]
    uintx AdaptiveSizePolicyWeight                 = 90                                        {product} {command line}
     intx CICompilerCount                          = 4                                         {product} {ergonomic}
    uintx GCTimeRatio                              = 4                                         {product} {command line}
   size_t InitialHeapSize                          = 104857600                                 {product} {command line}
   size_t MaxHeapSize                              = 1073741824                                {product} {command line}
   size_t MaxNewSize                               = 357564416                                 {product} {ergonomic}
   size_t MinHeapDeltaBytes                        = 524288                                    {product} {ergonomic}
   size_t MinHeapSize                              = 104857600                                 {product} {command line}
   size_t NewSize                                  = 34603008                                  {product} {ergonomic}
    uintx NonNMethodCodeHeapSize                   = 5839372                                {pd product} {ergonomic}
    uintx NonProfiledCodeHeapSize                  = 122909434                              {pd product} {ergonomic}
   size_t OldSize                                  = 70254592                                  {product} {ergonomic}
    uintx ProfiledCodeHeapSize                     = 122909434                              {pd product} {ergonomic}
    uintx ReservedCodeCacheSize                    = 251658240                              {pd product} {ergonomic}
     bool SegmentedCodeCache                       = true                                      {product} {ergonomic}
   size_t SoftMaxHeapSize                          = 1073741824                             {manageable} {ergonomic}
     bool UseCompressedClassPointers               = true                           {product lp64_product} {ergonomic}
     bool UseCompressedOops                        = true                           {product lp64_product} {ergonomic}
     bool UseLargePagesIndividualAllocation        = false                                  {pd product} {ergonomic}
     bool UseParallelGC                            = true                                      {product} {command line}

Logging:
Log output configuration:
 #0: stdout all=off uptime,level,tags
 #1: stderr all=off uptime,level,tags

Environment Variables:
PATH=C:\Program Files\NVIDIA GPU Computing Toolkit\CUDA\v12.4\bin;C:\Program Files\NVIDIA GPU Computing Toolkit\CUDA\v12.4\libnvvp;C:\Program Files\Eclipse Adoptium\jdk-17.0.5.8-hotspot\bin;C:\Program Files\Common Files\Oracle\Java\javapath;C:\Windows\system32;C:\Windows;C:\Windows\System32\Wbem;C:\Windows\System32\WindowsPowerShell\v1.0\;C:\Windows\System32\OpenSSH\;C:\Program Files (x86)\NVIDIA Corporation\PhysX\Common;C:\WINDOWS\system32;C:\WINDOWS;C:\WINDOWS\System32\Wbem;C:\WINDOWS\System32\WindowsPowerShell\v1.0\;C:\WINDOWS\System32\OpenSSH\;C:\WINDOWS\system32;C:\WINDOWS;C:\WINDOWS\System32\Wbem;C:\WINDOWS\System32\WindowsPowerShell\v1.0\;C:\WINDOWS\System32\OpenSSH\;C:\Program Files\nodejs\;C:\Program Files\dotnet\;C:\Program Files\today;C:\MinGW\bin;C:\MinGW\bin;C:\Program Files\MariaDB\MariaDB Connector C 64-bit\lib\;C:\Program Files\MariaDB\MariaDB Connector C 64-bit\lib\plugin\;C:\Program Files\Git\cmd;C:\sqlite;C:\Program Files\Docker\Docker\resources\bin;C:\Program Files\PowerShell\7\;C:\Program Files\MATLAB\R2023b\bin;C:\Program Files\NVIDIA Corporation\Nsight Compute 2024.1.1\;C:\Program Files\NVIDIA Corporation\NVIDIA NvDLISR;C:\Ruby32-x64\bin;C:\Users\ejboy\AppData\Local\Programs\Python\Python311\Scripts\;C:\Users\ejboy\AppData\Local\Programs\Python\Python311\;C:\Users\ejboy\AppData\Local\Microsoft\WindowsApps;C:\Users\ejboy\AppData\Roaming\npm;C:\Program Files (x86)\Brackets\;C:\Users\ejboy\.dotnet\tools;C:\Users\ejboy\AppData\Local\Programs\Microsoft VS Code\bin;C:\Users\ejboy\AppData\Local\Programs\oh-my-posh\bin;C:\MinGW\bin;C:\MinGW\bin
USERNAME=ejboy
OS=Windows_NT
PROCESSOR_IDENTIFIER=Intel64 Family 6 Model 165 Stepping 2, GenuineIntel
TMP=C:\Users\ejboy\AppData\Local\Temp
TEMP=C:\Users\ejboy\AppData\Local\Temp



Periodic native trim disabled


---------------  S Y S T E M  ---------------

OS:
 Windows 11 , 64 bit Build 22621 (10.0.22621.3374)
OS uptime: 0 days 6:23 hours
Hyper-V role detected

CPU: total 12 (initial active 12) (6 cores per cpu, 2 threads per core) family 6 model 165 stepping 2 microcode 0xe0, cx8, cmov, fxsr, ht, mmx, 3dnowpref, sse, sse2, sse3, ssse3, sse4.1, sse4.2, popcnt, lzcnt, tsc, tscinvbit, avx, avx2, aes, erms, clmul, bmi1, bmi2, adx, fma, vzeroupper, clflush, clflushopt, hv
Processor Information for all 12 processors :
  Max Mhz: 2592, Current Mhz: 1296, Mhz Limit: 2592

Memory: 4k page, system-wide physical 16204M (4692M free)
TotalPageFile size 16204M (AvailPageFile size 14M)
current process WorkingSet (physical memory assigned to process): 130M, peak: 136M
current process commit charge ("private bytes"): 244M, peak: 250M

vm_info: OpenJDK 64-Bit Server VM (17.0.10+7) for windows-amd64 JRE (17.0.10+7), built on Jan 16 2024 23:25:11 by "admin" with MS VC++ 16.10 / 16.11 (VS2019)

END.
